# JRE version: Java(TM) SE Runtime Environment (8.0_40-b27) (build 1.8.0_40-b27)
# Java VM: Java HotSpot(TM) 64-Bit Server VM (25.40-b25 mixed mode bsd-amd64 compressed oops)
Heap:
 PSYoungGen      total 76288K, used 42469K [0x000000076ab00000, 0x0000000772f80000, 0x00000007c0000000)
  eden space 65536K, 49% used [0x000000076ab00000,0x000000076ca77538,0x000000076eb00000)
  from space 10752K, 95% used [0x000000076eb00000,0x000000076f502270,0x000000076f580000)
  to   space 10752K, 0% used [0x0000000772500000,0x0000000772500000,0x0000000772f80000)
 ParOldGen       total 88064K, used 8115K [0x00000006c0000000, 0x00000006c5600000, 0x000000076ab00000)
  object space 88064K, 9% used [0x00000006c0000000,0x00000006c07ecc88,0x00000006c5600000)
 Metaspace       used 34263K, capacity 35122K, committed 35328K, reserved 1079296K
  class space    used 4800K, capacity 5022K, committed 5120K, reserved 1048576K
GC Heap History (8 events):
Event: 2.224 GC heap before
{Heap before GC invocations=1 (full 0):
 PSYoungGen      total 76288K, used 65536K [0x000000076ab00000, 0x0000000770000000, 0x00000007c0000000)
  eden space 65536K, 100% used [0x000000076ab00000,0x000000076eb00000,0x000000076eb00000)
  from space 10752K, 0% used [0x000000076f580000,0x000000076f580000,0x0000000770000000)
  to   space 10752K, 0% used [0x000000076eb00000,0x000000076eb00000,0x000000076f580000)
 ParOldGen       total 175104K, used 0K [0x00000006c0000000, 0x00000006cab00000, 0x000000076ab00000)
  object space 175104K, 0% used [0x00000006c0000000,0x00000006c0000000,0x00000006cab00000)
 Metaspace       used 17865K, capacity 18660K, committed 18816K, reserved 1064960K
  class space    used 2625K, capacity 2831K, committed 2944K, reserved 1048576K
Event: 2.230 GC heap after
Heap after GC invocations=1 (full 0):
 PSYoungGen      total 76288K, used 8774K [0x000000076ab00000, 0x0000000770000000, 0x00000007c0000000)
  eden space 65536K, 0% used [0x000000076ab00000,0x000000076ab00000,0x000000076eb00000)
  from space 10752K, 81% used [0x000000076eb00000,0x000000076f3918f0,0x000000076f580000)
  to   space 10752K, 0% used [0x000000076f580000,0x000000076f580000,0x0000000770000000)
 ParOldGen       total 175104K, used 88K [0x00000006c0000000, 0x00000006cab00000, 0x000000076ab00000)
  object space 175104K, 0% used [0x00000006c0000000,0x00000006c0016010,0x00000006cab00000)
 Metaspace       used 17865K, capacity 18660K, committed 18816K, reserved 1064960K
  class space    used 2625K, capacity 2831K, committed 2944K, reserved 1048576K
}
Event: 2.293 GC heap before
{Heap before GC invocations=2 (full 0):
 PSYoungGen      total 76288K, used 15648K [0x000000076ab00000, 0x0000000770000000, 0x00000007c0000000)
  eden space 65536K, 10% used [0x000000076ab00000,0x000000076b1b68a0,0x000000076eb00000)
  from space 10752K, 81% used [0x000000076eb00000,0x000000076f3918f0,0x000000076f580000)
  to   space 10752K, 0% used [0x000000076f580000,0x000000076f580000,0x0000000770000000)
 ParOldGen       total 175104K, used 88K [0x00000006c0000000, 0x00000006cab00000, 0x000000076ab00000)
  object space 175104K, 0% used [0x00000006c0000000,0x00000006c0016010,0x00000006cab00000)
 Metaspace       used 20344K, capacity 21124K, committed 21296K, reserved 1067008K
  class space    used 2889K, capacity 3119K, committed 3200K, reserved 1048576K
Event: 2.298 GC heap after
Heap after GC invocations=2 (full 0):
 PSYoungGen      total 76288K, used 8751K [0x000000076ab00000, 0x0000000774000000, 0x00000007c0000000)
  eden space 65536K, 0% used [0x000000076ab00000,0x000000076ab00000,0x000000076eb00000)
  from space 10752K, 81% used [0x000000076f580000,0x000000076fe0bd60,0x0000000770000000)
  to   space 10752K, 0% used [0x000000076eb00000,0x000000076eb00000,0x000000076f580000)
 ParOldGen       total 175104K, used 96K [0x00000006c0000000, 0x00000006cab00000, 0x000000076ab00000)
  object space 175104K, 0% used [0x00000006c0000000,0x00000006c0018010,0x00000006cab00000)
 Metaspace       used 20344K, capacity 21124K, committed 21296K, reserved 1067008K
  class space    used 2889K, capacity 3119K, committed 3200K, reserved 1048576K
}
Event: 2.298 GC heap before
{Heap before GC invocations=3 (full 1):
 PSYoungGen      total 76288K, used 8751K [0x000000076ab00000, 0x0000000774000000, 0x00000007c0000000)
  eden space 65536K, 0% used [0x000000076ab00000,0x000000076ab00000,0x000000076eb00000)
  from space 10752K, 81% used [0x000000076f580000,0x000000076fe0bd60,0x0000000770000000)
  to   space 10752K, 0% used [0x000000076eb00000,0x000000076eb00000,0x000000076f580000)
 ParOldGen       total 175104K, used 96K [0x00000006c0000000, 0x00000006cab00000, 0x000000076ab00000)
  object space 175104K, 0% used [0x00000006c0000000,0x00000006c0018010,0x00000006cab00000)
 Metaspace       used 20344K, capacity 21124K, committed 21296K, reserved 1067008K
  class space    used 2889K, capacity 3119K, committed 3200K, reserved 1048576K
Event: 2.320 GC heap after
Heap after GC invocations=3 (full 1):
 PSYoungGen      total 76288K, used 0K [0x000000076ab00000, 0x0000000774000000, 0x00000007c0000000)
  eden space 65536K, 0% used [0x000000076ab00000,0x000000076ab00000,0x000000076eb00000)
  from space 10752K, 0% used [0x000000076f580000,0x000000076f580000,0x0000000770000000)
  to   space 10752K, 0% used [0x000000076eb00000,0x000000076eb00000,0x000000076f580000)
 ParOldGen       total 88064K, used 8107K [0x00000006c0000000, 0x00000006c5600000, 0x000000076ab00000)
  object space 88064K, 9% used [0x00000006c0000000,0x00000006c07eac88,0x00000006c5600000)
 Metaspace       used 20344K, capacity 21124K, committed 21296K, reserved 1067008K
  class space    used 2889K, capacity 3119K, committed 3200K, reserved 1048576K
}
Event: 3.049 GC heap before
{Heap before GC invocations=4 (full 1):
 PSYoungGen      total 76288K, used 65536K [0x000000076ab00000, 0x0000000774000000, 0x00000007c0000000)
  eden space 65536K, 100% used [0x000000076ab00000,0x000000076eb00000,0x000000076eb00000)
  from space 10752K, 0% used [0x000000076f580000,0x000000076f580000,0x0000000770000000)
  to   space 10752K, 0% used [0x000000076eb00000,0x000000076eb00000,0x000000076f580000)
 ParOldGen       total 88064K, used 8107K [0x00000006c0000000, 0x00000006c5600000, 0x000000076ab00000)
  object space 88064K, 9% used [0x00000006c0000000,0x00000006c07eac88,0x00000006c5600000)
 Metaspace       used 30608K, capacity 31382K, committed 31488K, reserved 1077248K
  class space    used 4309K, capacity 4530K, committed 4608K, reserved 1048576K
Event: 3.054 GC heap after
Heap after GC invocations=4 (full 1):
 PSYoungGen      total 76288K, used 10248K [0x000000076ab00000, 0x0000000772f80000, 0x00000007c0000000)
  eden space 65536K, 0% used [0x000000076ab00000,0x000000076ab00000,0x000000076eb00000)
  from space 10752K, 95% used [0x000000076eb00000,0x000000076f502270,0x000000076f580000)
  to   space 10752K, 0% used [0x0000000772500000,0x0000000772500000,0x0000000772f80000)
 ParOldGen       total 88064K, used 8115K [0x00000006c0000000, 0x00000006c5600000, 0x000000076ab00000)
  object space 88064K, 9% used [0x00000006c0000000,0x00000006c07ecc88,0x00000006c5600000)
 Metaspace       used 30608K, capacity 31382K, committed 31488K, reserved 1077248K
  class space    used 4309K, capacity 4530K, committed 4608K, reserved 1048576K
}

