# JRE version: Java(TM) SE Runtime Environment (8.0_40-b27) (build 1.8.0_40-b27)
# Java VM: Java HotSpot(TM) 64-Bit Server VM (25.40-b25 mixed mode bsd-amd64 compressed oops)
Heap:
 PSYoungGen      total 130560K, used 9969K [0x000000076ab00000, 0x0000000773600000, 0x00000007c0000000)
  eden space 120832K, 8% used [0x000000076ab00000,0x000000076b4bc740,0x0000000772100000)
  from space 9728K, 0% used [0x0000000772c80000,0x0000000772c80000,0x0000000773600000)
  to   space 10752K, 0% used [0x0000000772100000,0x0000000772100000,0x0000000772b80000)
 ParOldGen       total 122368K, used 15190K [0x00000006c0000000, 0x00000006c7780000, 0x000000076ab00000)
  object space 122368K, 12% used [0x00000006c0000000,0x00000006c0ed5878,0x00000006c7780000)
 Metaspace       used 35720K, capacity 36938K, committed 37032K, reserved 1081344K
  class space    used 5006K, capacity 5256K, committed 5296K, reserved 1048576K
GC Heap History (10 events):
Event: 4.906 GC heap before
{Heap before GC invocations=2 (full 0):
 PSYoungGen      total 76288K, used 15934K [0x000000076ab00000, 0x0000000770000000, 0x00000007c0000000)
  eden space 65536K, 10% used [0x000000076ab00000,0x000000076b1ea0b8,0x000000076eb00000)
  from space 10752K, 82% used [0x000000076eb00000,0x000000076f3a57a8,0x000000076f580000)
  to   space 10752K, 0% used [0x000000076f580000,0x000000076f580000,0x0000000770000000)
 ParOldGen       total 175104K, used 88K [0x00000006c0000000, 0x00000006cab00000, 0x000000076ab00000)
  object space 175104K, 0% used [0x00000006c0000000,0x00000006c0016010,0x00000006cab00000)
 Metaspace       used 20458K, capacity 21228K, committed 21296K, reserved 1067008K
  class space    used 2880K, capacity 3087K, committed 3120K, reserved 1048576K
Event: 4.911 GC heap after
Heap after GC invocations=2 (full 0):
 PSYoungGen      total 76288K, used 8811K [0x000000076ab00000, 0x0000000774000000, 0x00000007c0000000)
  eden space 65536K, 0% used [0x000000076ab00000,0x000000076ab00000,0x000000076eb00000)
  from space 10752K, 81% used [0x000000076f580000,0x000000076fe1ac68,0x0000000770000000)
  to   space 10752K, 0% used [0x000000076eb00000,0x000000076eb00000,0x000000076f580000)
 ParOldGen       total 175104K, used 96K [0x00000006c0000000, 0x00000006cab00000, 0x000000076ab00000)
  object space 175104K, 0% used [0x00000006c0000000,0x00000006c0018010,0x00000006cab00000)
 Metaspace       used 20458K, capacity 21228K, committed 21296K, reserved 1067008K
  class space    used 2880K, capacity 3087K, committed 3120K, reserved 1048576K
}
Event: 4.911 GC heap before
{Heap before GC invocations=3 (full 1):
 PSYoungGen      total 76288K, used 8811K [0x000000076ab00000, 0x0000000774000000, 0x00000007c0000000)
  eden space 65536K, 0% used [0x000000076ab00000,0x000000076ab00000,0x000000076eb00000)
  from space 10752K, 81% used [0x000000076f580000,0x000000076fe1ac68,0x0000000770000000)
  to   space 10752K, 0% used [0x000000076eb00000,0x000000076eb00000,0x000000076f580000)
 ParOldGen       total 175104K, used 96K [0x00000006c0000000, 0x00000006cab00000, 0x000000076ab00000)
  object space 175104K, 0% used [0x00000006c0000000,0x00000006c0018010,0x00000006cab00000)
 Metaspace       used 20458K, capacity 21228K, committed 21296K, reserved 1067008K
  class space    used 2880K, capacity 3087K, committed 3120K, reserved 1048576K
Event: 4.933 GC heap after
Heap after GC invocations=3 (full 1):
 PSYoungGen      total 76288K, used 0K [0x000000076ab00000, 0x0000000774000000, 0x00000007c0000000)
  eden space 65536K, 0% used [0x000000076ab00000,0x000000076ab00000,0x000000076eb00000)
  from space 10752K, 0% used [0x000000076f580000,0x000000076f580000,0x0000000770000000)
  to   space 10752K, 0% used [0x000000076eb00000,0x000000076eb00000,0x000000076f580000)
 ParOldGen       total 81920K, used 8108K [0x00000006c0000000, 0x00000006c5000000, 0x000000076ab00000)
  object space 81920K, 9% used [0x00000006c0000000,0x00000006c07eb320,0x00000006c5000000)
 Metaspace       used 20458K, capacity 21228K, committed 21296K, reserved 1067008K
  class space    used 2880K, capacity 3087K, committed 3120K, reserved 1048576K
}
Event: 5.659 GC heap before
{Heap before GC invocations=4 (full 1):
 PSYoungGen      total 76288K, used 65536K [0x000000076ab00000, 0x0000000774000000, 0x00000007c0000000)
  eden space 65536K, 100% used [0x000000076ab00000,0x000000076eb00000,0x000000076eb00000)
  from space 10752K, 0% used [0x000000076f580000,0x000000076f580000,0x0000000770000000)
  to   space 10752K, 0% used [0x000000076eb00000,0x000000076eb00000,0x000000076f580000)
 ParOldGen       total 81920K, used 8108K [0x00000006c0000000, 0x00000006c5000000, 0x000000076ab00000)
  object space 81920K, 9% used [0x00000006c0000000,0x00000006c07eb320,0x00000006c5000000)
 Metaspace       used 30728K, capacity 31550K, committed 31664K, reserved 1077248K
  class space    used 4301K, capacity 4498K, committed 4528K, reserved 1048576K
Event: 5.664 GC heap after
Heap after GC invocations=4 (full 1):
 PSYoungGen      total 76288K, used 10309K [0x000000076ab00000, 0x0000000773700000, 0x00000007c0000000)
  eden space 65536K, 0% used [0x000000076ab00000,0x000000076ab00000,0x000000076eb00000)
  from space 10752K, 95% used [0x000000076eb00000,0x000000076f5115c8,0x000000076f580000)
  to   space 10752K, 0% used [0x0000000772c80000,0x0000000772c80000,0x0000000773700000)
 ParOldGen       total 81920K, used 8116K [0x00000006c0000000, 0x00000006c5000000, 0x000000076ab00000)
  object space 81920K, 9% used [0x00000006c0000000,0x00000006c07ed320,0x00000006c5000000)
 Metaspace       used 30728K, capacity 31550K, committed 31664K, reserved 1077248K
  class space    used 4301K, capacity 4498K, committed 4528K, reserved 1048576K
}
Event: 5.946 GC heap before
{Heap before GC invocations=5 (full 1):
 PSYoungGen      total 76288K, used 41500K [0x000000076ab00000, 0x0000000773700000, 0x00000007c0000000)
  eden space 65536K, 47% used [0x000000076ab00000,0x000000076c975da8,0x000000076eb00000)
  from space 10752K, 95% used [0x000000076eb00000,0x000000076f5115c8,0x000000076f580000)
  to   space 10752K, 0% used [0x0000000772c80000,0x0000000772c80000,0x0000000773700000)
 ParOldGen       total 81920K, used 8116K [0x00000006c0000000, 0x00000006c5000000, 0x000000076ab00000)
  object space 81920K, 9% used [0x00000006c0000000,0x00000006c07ed320,0x00000006c5000000)
 Metaspace       used 34564K, capacity 35482K, committed 35496K, reserved 1079296K
  class space    used 4815K, capacity 5026K, committed 5040K, reserved 1048576K
Event: 5.951 GC heap after
Heap after GC invocations=5 (full 1):
 PSYoungGen      total 130560K, used 7839K [0x000000076ab00000, 0x0000000773600000, 0x00000007c0000000)
  eden space 120832K, 0% used [0x000000076ab00000,0x000000076ab00000,0x0000000772100000)
  from space 9728K, 80% used [0x0000000772c80000,0x0000000773427e28,0x0000000773600000)
  to   space 10752K, 0% used [0x0000000772100000,0x0000000772100000,0x0000000772b80000)
 ParOldGen       total 81920K, used 8124K [0x00000006c0000000, 0x00000006c5000000, 0x000000076ab00000)
  object space 81920K, 9% used [0x00000006c0000000,0x00000006c07ef320,0x00000006c5000000)
 Metaspace       used 34564K, capacity 35482K, committed 35496K, reserved 1079296K
  class space    used 4815K, capacity 5026K, committed 5040K, reserved 1048576K
}
Event: 5.951 GC heap before
{Heap before GC invocations=6 (full 2):
 PSYoungGen      total 130560K, used 7839K [0x000000076ab00000, 0x0000000773600000, 0x00000007c0000000)
  eden space 120832K, 0% used [0x000000076ab00000,0x000000076ab00000,0x0000000772100000)
  from space 9728K, 80% used [0x0000000772c80000,0x0000000773427e28,0x0000000773600000)
  to   space 10752K, 0% used [0x0000000772100000,0x0000000772100000,0x0000000772b80000)
 ParOldGen       total 81920K, used 8124K [0x00000006c0000000, 0x00000006c5000000, 0x000000076ab00000)
  object space 81920K, 9% used [0x00000006c0000000,0x00000006c07ef320,0x00000006c5000000)
 Metaspace       used 34564K, capacity 35482K, committed 35496K, reserved 1079296K
  class space    used 4815K, capacity 5026K, committed 5040K, reserved 1048576K
Event: 5.989 GC heap after
Heap after GC invocations=6 (full 2):
 PSYoungGen      total 130560K, used 0K [0x000000076ab00000, 0x0000000773600000, 0x00000007c0000000)
  eden space 120832K, 0% used [0x000000076ab00000,0x000000076ab00000,0x0000000772100000)
  from space 9728K, 0% used [0x0000000772c80000,0x0000000772c80000,0x0000000773600000)
  to   space 10752K, 0% used [0x0000000772100000,0x0000000772100000,0x0000000772b80000)
 ParOldGen       total 122368K, used 15190K [0x00000006c0000000, 0x00000006c7780000, 0x000000076ab00000)
  object space 122368K, 12% used [0x00000006c0000000,0x00000006c0ed5878,0x00000006c7780000)
 Metaspace       used 34564K, capacity 35482K, committed 35496K, reserved 1079296K
  class space    used 4815K, capacity 5026K, committed 5040K, reserved 1048576K
}

