# JRE version: Java(TM) SE Runtime Environment (8.0_40-b27) (build 1.8.0_40-b27)
# Java VM: Java HotSpot(TM) 64-Bit Server VM (25.40-b25 mixed mode bsd-amd64 compressed oops)
Heap:
 PSYoungGen      total 76288K, used 40858K [0x000000076ab00000, 0x0000000772f80000, 0x00000007c0000000)
  eden space 65536K, 46% used [0x000000076ab00000,0x000000076c8ef610,0x000000076eb00000)
  from space 10752K, 94% used [0x000000076eb00000,0x000000076f4f72d0,0x000000076f580000)
  to   space 10752K, 0% used [0x0000000772500000,0x0000000772500000,0x0000000772f80000)
 ParOldGen       total 88064K, used 8118K [0x00000006c0000000, 0x00000006c5600000, 0x000000076ab00000)
  object space 88064K, 9% used [0x00000006c0000000,0x00000006c07edbf0,0x00000006c5600000)
 Metaspace       used 34162K, capacity 34990K, committed 35328K, reserved 1079296K
  class space    used 4775K, capacity 5020K, committed 5120K, reserved 1048576K
GC Heap History (8 events):
Event: 2.350 GC heap before
{Heap before GC invocations=1 (full 0):
 PSYoungGen      total 76288K, used 65536K [0x000000076ab00000, 0x0000000770000000, 0x00000007c0000000)
  eden space 65536K, 100% used [0x000000076ab00000,0x000000076eb00000,0x000000076eb00000)
  from space 10752K, 0% used [0x000000076f580000,0x000000076f580000,0x0000000770000000)
  to   space 10752K, 0% used [0x000000076eb00000,0x000000076eb00000,0x000000076f580000)
 ParOldGen       total 175104K, used 0K [0x00000006c0000000, 0x00000006cab00000, 0x000000076ab00000)
  object space 175104K, 0% used [0x00000006c0000000,0x00000006c0000000,0x00000006cab00000)
 Metaspace       used 17861K, capacity 18668K, committed 18816K, reserved 1064960K
  class space    used 2625K, capacity 2831K, committed 2944K, reserved 1048576K
Event: 2.356 GC heap after
Heap after GC invocations=1 (full 0):
 PSYoungGen      total 76288K, used 8806K [0x000000076ab00000, 0x0000000770000000, 0x00000007c0000000)
  eden space 65536K, 0% used [0x000000076ab00000,0x000000076ab00000,0x000000076eb00000)
  from space 10752K, 81% used [0x000000076eb00000,0x000000076f399910,0x000000076f580000)
  to   space 10752K, 0% used [0x000000076f580000,0x000000076f580000,0x0000000770000000)
 ParOldGen       total 175104K, used 88K [0x00000006c0000000, 0x00000006cab00000, 0x000000076ab00000)
  object space 175104K, 0% used [0x00000006c0000000,0x00000006c0016010,0x00000006cab00000)
 Metaspace       used 17861K, capacity 18668K, committed 18816K, reserved 1064960K
  class space    used 2625K, capacity 2831K, committed 2944K, reserved 1048576K
}
Event: 2.417 GC heap before
{Heap before GC invocations=2 (full 0):
 PSYoungGen      total 76288K, used 15680K [0x000000076ab00000, 0x0000000770000000, 0x00000007c0000000)
  eden space 65536K, 10% used [0x000000076ab00000,0x000000076b1b6708,0x000000076eb00000)
  from space 10752K, 81% used [0x000000076eb00000,0x000000076f399910,0x000000076f580000)
  to   space 10752K, 0% used [0x000000076f580000,0x000000076f580000,0x0000000770000000)
 ParOldGen       total 175104K, used 88K [0x00000006c0000000, 0x00000006cab00000, 0x000000076ab00000)
  object space 175104K, 0% used [0x00000006c0000000,0x00000006c0016010,0x00000006cab00000)
 Metaspace       used 20369K, capacity 21132K, committed 21296K, reserved 1067008K
  class space    used 2892K, capacity 3119K, committed 3200K, reserved 1048576K
Event: 2.422 GC heap after
Heap after GC invocations=2 (full 0):
 PSYoungGen      total 76288K, used 8831K [0x000000076ab00000, 0x0000000774000000, 0x00000007c0000000)
  eden space 65536K, 0% used [0x000000076ab00000,0x000000076ab00000,0x000000076eb00000)
  from space 10752K, 82% used [0x000000076f580000,0x000000076fe1fd50,0x0000000770000000)
  to   space 10752K, 0% used [0x000000076eb00000,0x000000076eb00000,0x000000076f580000)
 ParOldGen       total 175104K, used 96K [0x00000006c0000000, 0x00000006cab00000, 0x000000076ab00000)
  object space 175104K, 0% used [0x00000006c0000000,0x00000006c0018010,0x00000006cab00000)
 Metaspace       used 20369K, capacity 21132K, committed 21296K, reserved 1067008K
  class space    used 2892K, capacity 3119K, committed 3200K, reserved 1048576K
}
Event: 2.422 GC heap before
{Heap before GC invocations=3 (full 1):
 PSYoungGen      total 76288K, used 8831K [0x000000076ab00000, 0x0000000774000000, 0x00000007c0000000)
  eden space 65536K, 0% used [0x000000076ab00000,0x000000076ab00000,0x000000076eb00000)
  from space 10752K, 82% used [0x000000076f580000,0x000000076fe1fd50,0x0000000770000000)
  to   space 10752K, 0% used [0x000000076eb00000,0x000000076eb00000,0x000000076f580000)
 ParOldGen       total 175104K, used 96K [0x00000006c0000000, 0x00000006cab00000, 0x000000076ab00000)
  object space 175104K, 0% used [0x00000006c0000000,0x00000006c0018010,0x00000006cab00000)
 Metaspace       used 20369K, capacity 21132K, committed 21296K, reserved 1067008K
  class space    used 2892K, capacity 3119K, committed 3200K, reserved 1048576K
Event: 2.444 GC heap after
Heap after GC invocations=3 (full 1):
 PSYoungGen      total 76288K, used 0K [0x000000076ab00000, 0x0000000774000000, 0x00000007c0000000)
  eden space 65536K, 0% used [0x000000076ab00000,0x000000076ab00000,0x000000076eb00000)
  from space 10752K, 0% used [0x000000076f580000,0x000000076f580000,0x0000000770000000)
  to   space 10752K, 0% used [0x000000076eb00000,0x000000076eb00000,0x000000076f580000)
 ParOldGen       total 88064K, used 8110K [0x00000006c0000000, 0x00000006c5600000, 0x000000076ab00000)
  object space 88064K, 9% used [0x00000006c0000000,0x00000006c07ebbf0,0x00000006c5600000)
 Metaspace       used 20369K, capacity 21132K, committed 21296K, reserved 1067008K
  class space    used 2892K, capacity 3119K, committed 3200K, reserved 1048576K
}
Event: 3.168 GC heap before
{Heap before GC invocations=4 (full 1):
 PSYoungGen      total 76288K, used 65536K [0x000000076ab00000, 0x0000000774000000, 0x00000007c0000000)
  eden space 65536K, 100% used [0x000000076ab00000,0x000000076eb00000,0x000000076eb00000)
  from space 10752K, 0% used [0x000000076f580000,0x000000076f580000,0x0000000770000000)
  to   space 10752K, 0% used [0x000000076eb00000,0x000000076eb00000,0x000000076f580000)
 ParOldGen       total 88064K, used 8110K [0x00000006c0000000, 0x00000006c5600000, 0x000000076ab00000)
  object space 88064K, 9% used [0x00000006c0000000,0x00000006c07ebbf0,0x00000006c5600000)
 Metaspace       used 30632K, capacity 31454K, committed 31744K, reserved 1077248K
  class space    used 4311K, capacity 4530K, committed 4608K, reserved 1048576K
Event: 3.173 GC heap after
Heap after GC invocations=4 (full 1):
 PSYoungGen      total 76288K, used 10204K [0x000000076ab00000, 0x0000000772f80000, 0x00000007c0000000)
  eden space 65536K, 0% used [0x000000076ab00000,0x000000076ab00000,0x000000076eb00000)
  from space 10752K, 94% used [0x000000076eb00000,0x000000076f4f72d0,0x000000076f580000)
  to   space 10752K, 0% used [0x0000000772500000,0x0000000772500000,0x0000000772f80000)
 ParOldGen       total 88064K, used 8118K [0x00000006c0000000, 0x00000006c5600000, 0x000000076ab00000)
  object space 88064K, 9% used [0x00000006c0000000,0x00000006c07edbf0,0x00000006c5600000)
 Metaspace       used 30632K, capacity 31454K, committed 31744K, reserved 1077248K
  class space    used 4311K, capacity 4530K, committed 4608K, reserved 1048576K
}

