# JRE version: Java(TM) SE Runtime Environment (8.0_40-b27) (build 1.8.0_40-b27)
# Java VM: Java HotSpot(TM) 64-Bit Server VM (25.40-b25 mixed mode bsd-amd64 compressed oops)
Heap:
 PSYoungGen      total 76288K, used 42255K [0x000000076ab00000, 0x0000000772e00000, 0x00000007c0000000)
  eden space 65536K, 48% used [0x000000076ab00000,0x000000076ca46038,0x000000076eb00000)
  from space 10752K, 95% used [0x000000076eb00000,0x000000076f4fdbe0,0x000000076f580000)
  to   space 10752K, 0% used [0x0000000772380000,0x0000000772380000,0x0000000772e00000)
 ParOldGen       total 89088K, used 8122K [0x00000006c0000000, 0x00000006c5700000, 0x000000076ab00000)
  object space 89088K, 9% used [0x00000006c0000000,0x00000006c07ee9b0,0x00000006c5700000)
 Metaspace       used 34198K, capacity 35068K, committed 35248K, reserved 1079296K
  class space    used 4789K, capacity 5023K, committed 5040K, reserved 1048576K
GC Heap History (8 events):
Event: 2.183 GC heap before
{Heap before GC invocations=1 (full 0):
 PSYoungGen      total 76288K, used 65502K [0x000000076ab00000, 0x0000000770000000, 0x00000007c0000000)
  eden space 65536K, 99% used [0x000000076ab00000,0x000000076eaf7960,0x000000076eb00000)
  from space 10752K, 0% used [0x000000076f580000,0x000000076f580000,0x0000000770000000)
  to   space 10752K, 0% used [0x000000076eb00000,0x000000076eb00000,0x000000076f580000)
 ParOldGen       total 175104K, used 0K [0x00000006c0000000, 0x00000006cab00000, 0x000000076ab00000)
  object space 175104K, 0% used [0x00000006c0000000,0x00000006c0000000,0x00000006cab00000)
 Metaspace       used 17826K, capacity 18632K, committed 18688K, reserved 1064960K
  class space    used 2619K, capacity 2799K, committed 2816K, reserved 1048576K
Event: 2.189 GC heap after
Heap after GC invocations=1 (full 0):
 PSYoungGen      total 76288K, used 8790K [0x000000076ab00000, 0x0000000770000000, 0x00000007c0000000)
  eden space 65536K, 0% used [0x000000076ab00000,0x000000076ab00000,0x000000076eb00000)
  from space 10752K, 81% used [0x000000076eb00000,0x000000076f395900,0x000000076f580000)
  to   space 10752K, 0% used [0x000000076f580000,0x000000076f580000,0x0000000770000000)
 ParOldGen       total 175104K, used 88K [0x00000006c0000000, 0x00000006cab00000, 0x000000076ab00000)
  object space 175104K, 0% used [0x00000006c0000000,0x00000006c0016010,0x00000006cab00000)
 Metaspace       used 17826K, capacity 18632K, committed 18688K, reserved 1064960K
  class space    used 2619K, capacity 2799K, committed 2816K, reserved 1048576K
}
Event: 2.255 GC heap before
{Heap before GC invocations=2 (full 0):
 PSYoungGen      total 76288K, used 15568K [0x000000076ab00000, 0x0000000770000000, 0x00000007c0000000)
  eden space 65536K, 10% used [0x000000076ab00000,0x000000076b19e8a0,0x000000076eb00000)
  from space 10752K, 81% used [0x000000076eb00000,0x000000076f395900,0x000000076f580000)
  to   space 10752K, 0% used [0x000000076f580000,0x000000076f580000,0x0000000770000000)
 ParOldGen       total 175104K, used 88K [0x00000006c0000000, 0x00000006cab00000, 0x000000076ab00000)
  object space 175104K, 0% used [0x00000006c0000000,0x00000006c0016010,0x00000006cab00000)
 Metaspace       used 20477K, capacity 21224K, committed 21296K, reserved 1067008K
  class space    used 2901K, capacity 3087K, committed 3120K, reserved 1048576K
Event: 2.260 GC heap after
Heap after GC invocations=2 (full 0):
 PSYoungGen      total 76288K, used 8817K [0x000000076ab00000, 0x0000000774000000, 0x00000007c0000000)
  eden space 65536K, 0% used [0x000000076ab00000,0x000000076ab00000,0x000000076eb00000)
  from space 10752K, 82% used [0x000000076f580000,0x000000076fe1c788,0x0000000770000000)
  to   space 10752K, 0% used [0x000000076eb00000,0x000000076eb00000,0x000000076f580000)
 ParOldGen       total 175104K, used 96K [0x00000006c0000000, 0x00000006cab00000, 0x000000076ab00000)
  object space 175104K, 0% used [0x00000006c0000000,0x00000006c0018010,0x00000006cab00000)
 Metaspace       used 20477K, capacity 21224K, committed 21296K, reserved 1067008K
  class space    used 2901K, capacity 3087K, committed 3120K, reserved 1048576K
}
Event: 2.260 GC heap before
{Heap before GC invocations=3 (full 1):
 PSYoungGen      total 76288K, used 8817K [0x000000076ab00000, 0x0000000774000000, 0x00000007c0000000)
  eden space 65536K, 0% used [0x000000076ab00000,0x000000076ab00000,0x000000076eb00000)
  from space 10752K, 82% used [0x000000076f580000,0x000000076fe1c788,0x0000000770000000)
  to   space 10752K, 0% used [0x000000076eb00000,0x000000076eb00000,0x000000076f580000)
 ParOldGen       total 175104K, used 96K [0x00000006c0000000, 0x00000006cab00000, 0x000000076ab00000)
  object space 175104K, 0% used [0x00000006c0000000,0x00000006c0018010,0x00000006cab00000)
 Metaspace       used 20477K, capacity 21224K, committed 21296K, reserved 1067008K
  class space    used 2901K, capacity 3087K, committed 3120K, reserved 1048576K
Event: 2.282 GC heap after
Heap after GC invocations=3 (full 1):
 PSYoungGen      total 76288K, used 0K [0x000000076ab00000, 0x0000000774000000, 0x00000007c0000000)
  eden space 65536K, 0% used [0x000000076ab00000,0x000000076ab00000,0x000000076eb00000)
  from space 10752K, 0% used [0x000000076f580000,0x000000076f580000,0x0000000770000000)
  to   space 10752K, 0% used [0x000000076eb00000,0x000000076eb00000,0x000000076f580000)
 ParOldGen       total 89088K, used 8114K [0x00000006c0000000, 0x00000006c5700000, 0x000000076ab00000)
  object space 89088K, 9% used [0x00000006c0000000,0x00000006c07ec9b0,0x00000006c5700000)
 Metaspace       used 20477K, capacity 21224K, committed 21296K, reserved 1067008K
  class space    used 2901K, capacity 3087K, committed 3120K, reserved 1048576K
}
Event: 3.006 GC heap before
{Heap before GC invocations=4 (full 1):
 PSYoungGen      total 76288K, used 65536K [0x000000076ab00000, 0x0000000774000000, 0x00000007c0000000)
  eden space 65536K, 100% used [0x000000076ab00000,0x000000076eb00000,0x000000076eb00000)
  from space 10752K, 0% used [0x000000076f580000,0x000000076f580000,0x0000000770000000)
  to   space 10752K, 0% used [0x000000076eb00000,0x000000076eb00000,0x000000076f580000)
 ParOldGen       total 89088K, used 8114K [0x00000006c0000000, 0x00000006c5700000, 0x000000076ab00000)
  object space 89088K, 9% used [0x00000006c0000000,0x00000006c07ec9b0,0x00000006c5700000)
 Metaspace       used 30601K, capacity 31418K, committed 31664K, reserved 1077248K
  class space    used 4306K, capacity 4498K, committed 4528K, reserved 1048576K
Event: 3.011 GC heap after
Heap after GC invocations=4 (full 1):
 PSYoungGen      total 76288K, used 10230K [0x000000076ab00000, 0x0000000772e00000, 0x00000007c0000000)
  eden space 65536K, 0% used [0x000000076ab00000,0x000000076ab00000,0x000000076eb00000)
  from space 10752K, 95% used [0x000000076eb00000,0x000000076f4fdbe0,0x000000076f580000)
  to   space 10752K, 0% used [0x0000000772380000,0x0000000772380000,0x0000000772e00000)
 ParOldGen       total 89088K, used 8122K [0x00000006c0000000, 0x00000006c5700000, 0x000000076ab00000)
  object space 89088K, 9% used [0x00000006c0000000,0x00000006c07ee9b0,0x00000006c5700000)
 Metaspace       used 30601K, capacity 31418K, committed 31664K, reserved 1077248K
  class space    used 4306K, capacity 4498K, committed 4528K, reserved 1048576K
}

