# JRE version: Java(TM) SE Runtime Environment (8.0_40-b27) (build 1.8.0_40-b27)
# Java VM: Java HotSpot(TM) 64-Bit Server VM (25.40-b25 mixed mode bsd-amd64 compressed oops)
Heap:
 PSYoungGen      total 125952K, used 10206K [0x000000076ab00000, 0x0000000773100000, 0x00000007c0000000)
  eden space 115712K, 8% used [0x000000076ab00000,0x000000076b4f7a88,0x0000000771c00000)
  from space 10240K, 0% used [0x0000000772700000,0x0000000772700000,0x0000000773100000)
  to   space 10752K, 0% used [0x0000000771c00000,0x0000000771c00000,0x0000000772680000)
 ParOldGen       total 129536K, used 15163K [0x00000006c0000000, 0x00000006c7e80000, 0x000000076ab00000)
  object space 129536K, 11% used [0x00000006c0000000,0x00000006c0eced00,0x00000006c7e80000)
 Metaspace       used 35701K, capacity 36918K, committed 37040K, reserved 1081344K
  class space    used 5003K, capacity 5254K, committed 5296K, reserved 1048576K
GC Heap History (10 events):
Event: 2.876 GC heap before
{Heap before GC invocations=2 (full 0):
 PSYoungGen      total 76288K, used 15770K [0x000000076ab00000, 0x0000000770000000, 0x00000007c0000000)
  eden space 65536K, 10% used [0x000000076ab00000,0x000000076b1c8810,0x000000076eb00000)
  from space 10752K, 82% used [0x000000076eb00000,0x000000076f39e300,0x000000076f580000)
  to   space 10752K, 0% used [0x000000076f580000,0x000000076f580000,0x0000000770000000)
 ParOldGen       total 175104K, used 88K [0x00000006c0000000, 0x00000006cab00000, 0x000000076ab00000)
  object space 175104K, 0% used [0x00000006c0000000,0x00000006c0016010,0x00000006cab00000)
 Metaspace       used 20459K, capacity 21220K, committed 21296K, reserved 1067008K
  class space    used 2891K, capacity 3087K, committed 3120K, reserved 1048576K
Event: 2.881 GC heap after
Heap after GC invocations=2 (full 0):
 PSYoungGen      total 76288K, used 8768K [0x000000076ab00000, 0x0000000774000000, 0x00000007c0000000)
  eden space 65536K, 0% used [0x000000076ab00000,0x000000076ab00000,0x000000076eb00000)
  from space 10752K, 81% used [0x000000076f580000,0x000000076fe10158,0x0000000770000000)
  to   space 10752K, 0% used [0x000000076eb00000,0x000000076eb00000,0x000000076f580000)
 ParOldGen       total 175104K, used 96K [0x00000006c0000000, 0x00000006cab00000, 0x000000076ab00000)
  object space 175104K, 0% used [0x00000006c0000000,0x00000006c0018010,0x00000006cab00000)
 Metaspace       used 20459K, capacity 21220K, committed 21296K, reserved 1067008K
  class space    used 2891K, capacity 3087K, committed 3120K, reserved 1048576K
}
Event: 2.881 GC heap before
{Heap before GC invocations=3 (full 1):
 PSYoungGen      total 76288K, used 8768K [0x000000076ab00000, 0x0000000774000000, 0x00000007c0000000)
  eden space 65536K, 0% used [0x000000076ab00000,0x000000076ab00000,0x000000076eb00000)
  from space 10752K, 81% used [0x000000076f580000,0x000000076fe10158,0x0000000770000000)
  to   space 10752K, 0% used [0x000000076eb00000,0x000000076eb00000,0x000000076f580000)
 ParOldGen       total 175104K, used 96K [0x00000006c0000000, 0x00000006cab00000, 0x000000076ab00000)
  object space 175104K, 0% used [0x00000006c0000000,0x00000006c0018010,0x00000006cab00000)
 Metaspace       used 20459K, capacity 21220K, committed 21296K, reserved 1067008K
  class space    used 2891K, capacity 3087K, committed 3120K, reserved 1048576K
Event: 2.904 GC heap after
Heap after GC invocations=3 (full 1):
 PSYoungGen      total 76288K, used 0K [0x000000076ab00000, 0x0000000774000000, 0x00000007c0000000)
  eden space 65536K, 0% used [0x000000076ab00000,0x000000076ab00000,0x000000076eb00000)
  from space 10752K, 0% used [0x000000076f580000,0x000000076f580000,0x0000000770000000)
  to   space 10752K, 0% used [0x000000076eb00000,0x000000076eb00000,0x000000076f580000)
 ParOldGen       total 86016K, used 8058K [0x00000006c0000000, 0x00000006c5400000, 0x000000076ab00000)
  object space 86016K, 9% used [0x00000006c0000000,0x00000006c07de930,0x00000006c5400000)
 Metaspace       used 20459K, capacity 21220K, committed 21296K, reserved 1067008K
  class space    used 2891K, capacity 3087K, committed 3120K, reserved 1048576K
}
Event: 3.619 GC heap before
{Heap before GC invocations=4 (full 1):
 PSYoungGen      total 76288K, used 65536K [0x000000076ab00000, 0x0000000774000000, 0x00000007c0000000)
  eden space 65536K, 100% used [0x000000076ab00000,0x000000076eb00000,0x000000076eb00000)
  from space 10752K, 0% used [0x000000076f580000,0x000000076f580000,0x0000000770000000)
  to   space 10752K, 0% used [0x000000076eb00000,0x000000076eb00000,0x000000076f580000)
 ParOldGen       total 86016K, used 8058K [0x00000006c0000000, 0x00000006c5400000, 0x000000076ab00000)
  object space 86016K, 9% used [0x00000006c0000000,0x00000006c07de930,0x00000006c5400000)
 Metaspace       used 30660K, capacity 31478K, committed 31664K, reserved 1077248K
  class space    used 4303K, capacity 4498K, committed 4528K, reserved 1048576K
Event: 3.624 GC heap after
Heap after GC invocations=4 (full 1):
 PSYoungGen      total 76288K, used 10267K [0x000000076ab00000, 0x0000000773180000, 0x00000007c0000000)
  eden space 65536K, 0% used [0x000000076ab00000,0x000000076ab00000,0x000000076eb00000)
  from space 10752K, 95% used [0x000000076eb00000,0x000000076f506d38,0x000000076f580000)
  to   space 10752K, 0% used [0x0000000772700000,0x0000000772700000,0x0000000773180000)
 ParOldGen       total 86016K, used 8066K [0x00000006c0000000, 0x00000006c5400000, 0x000000076ab00000)
  object space 86016K, 9% used [0x00000006c0000000,0x00000006c07e0930,0x00000006c5400000)
 Metaspace       used 30660K, capacity 31478K, committed 31664K, reserved 1077248K
  class space    used 4303K, capacity 4498K, committed 4528K, reserved 1048576K
}
Event: 3.899 GC heap before
{Heap before GC invocations=5 (full 1):
 PSYoungGen      total 76288K, used 41562K [0x000000076ab00000, 0x0000000773180000, 0x00000007c0000000)
  eden space 65536K, 47% used [0x000000076ab00000,0x000000076c98fbd0,0x000000076eb00000)
  from space 10752K, 95% used [0x000000076eb00000,0x000000076f506d38,0x000000076f580000)
  to   space 10752K, 0% used [0x0000000772700000,0x0000000772700000,0x0000000773180000)
 ParOldGen       total 86016K, used 8066K [0x00000006c0000000, 0x00000006c5400000, 0x000000076ab00000)
  object space 86016K, 9% used [0x00000006c0000000,0x00000006c07e0930,0x00000006c5400000)
 Metaspace       used 34504K, capacity 35438K, committed 35496K, reserved 1079296K
  class space    used 4821K, capacity 5030K, committed 5040K, reserved 1048576K
Event: 3.904 GC heap after
Heap after GC invocations=5 (full 1):
 PSYoungGen      total 125952K, used 7885K [0x000000076ab00000, 0x0000000773100000, 0x00000007c0000000)
  eden space 115712K, 0% used [0x000000076ab00000,0x000000076ab00000,0x0000000771c00000)
  from space 10240K, 77% used [0x0000000772700000,0x0000000772eb3498,0x0000000773100000)
  to   space 10752K, 0% used [0x0000000771c00000,0x0000000771c00000,0x0000000772680000)
 ParOldGen       total 86016K, used 8074K [0x00000006c0000000, 0x00000006c5400000, 0x000000076ab00000)
  object space 86016K, 9% used [0x00000006c0000000,0x00000006c07e2930,0x00000006c5400000)
 Metaspace       used 34504K, capacity 35438K, committed 35496K, reserved 1079296K
  class space    used 4821K, capacity 5030K, committed 5040K, reserved 1048576K
}
Event: 3.904 GC heap before
{Heap before GC invocations=6 (full 2):
 PSYoungGen      total 125952K, used 7885K [0x000000076ab00000, 0x0000000773100000, 0x00000007c0000000)
  eden space 115712K, 0% used [0x000000076ab00000,0x000000076ab00000,0x0000000771c00000)
  from space 10240K, 77% used [0x0000000772700000,0x0000000772eb3498,0x0000000773100000)
  to   space 10752K, 0% used [0x0000000771c00000,0x0000000771c00000,0x0000000772680000)
 ParOldGen       total 86016K, used 8074K [0x00000006c0000000, 0x00000006c5400000, 0x000000076ab00000)
  object space 86016K, 9% used [0x00000006c0000000,0x00000006c07e2930,0x00000006c5400000)
 Metaspace       used 34504K, capacity 35438K, committed 35496K, reserved 1079296K
  class space    used 4821K, capacity 5030K, committed 5040K, reserved 1048576K
Event: 3.940 GC heap after
Heap after GC invocations=6 (full 2):
 PSYoungGen      total 125952K, used 0K [0x000000076ab00000, 0x0000000773100000, 0x00000007c0000000)
  eden space 115712K, 0% used [0x000000076ab00000,0x000000076ab00000,0x0000000771c00000)
  from space 10240K, 0% used [0x0000000772700000,0x0000000772700000,0x0000000773100000)
  to   space 10752K, 0% used [0x0000000771c00000,0x0000000771c00000,0x0000000772680000)
 ParOldGen       total 129536K, used 15163K [0x00000006c0000000, 0x00000006c7e80000, 0x000000076ab00000)
  object space 129536K, 11% used [0x00000006c0000000,0x00000006c0eced00,0x00000006c7e80000)
 Metaspace       used 34504K, capacity 35438K, committed 35496K, reserved 1079296K
  class space    used 4821K, capacity 5030K, committed 5040K, reserved 1048576K
}

