# JRE version: Java(TM) SE Runtime Environment (8.0_40-b27) (build 1.8.0_40-b27)
# Java VM: Java HotSpot(TM) 64-Bit Server VM (25.40-b25 mixed mode bsd-amd64 compressed oops)
Heap:
 PSYoungGen      total 76288K, used 41804K [0x000000076ab00000, 0x0000000772f00000, 0x00000007c0000000)
  eden space 65536K, 48% used [0x000000076ab00000,0x000000076c9d3870,0x000000076eb00000)
  from space 10752K, 95% used [0x000000076eb00000,0x000000076f4ffa50,0x000000076f580000)
  to   space 10752K, 0% used [0x0000000772480000,0x0000000772480000,0x0000000772f00000)
 ParOldGen       total 88576K, used 8118K [0x00000006c0000000, 0x00000006c5680000, 0x000000076ab00000)
  object space 88576K, 9% used [0x00000006c0000000,0x00000006c07ed850,0x00000006c5680000)
 Metaspace       used 34250K, capacity 35130K, committed 35328K, reserved 1079296K
  class space    used 4793K, capacity 5022K, committed 5120K, reserved 1048576K
GC Heap History (8 events):
Event: 2.436 GC heap before
{Heap before GC invocations=1 (full 0):
 PSYoungGen      total 76288K, used 65531K [0x000000076ab00000, 0x0000000770000000, 0x00000007c0000000)
  eden space 65536K, 99% used [0x000000076ab00000,0x000000076eafee30,0x000000076eb00000)
  from space 10752K, 0% used [0x000000076f580000,0x000000076f580000,0x0000000770000000)
  to   space 10752K, 0% used [0x000000076eb00000,0x000000076eb00000,0x000000076f580000)
 ParOldGen       total 175104K, used 0K [0x00000006c0000000, 0x00000006cab00000, 0x000000076ab00000)
  object space 175104K, 0% used [0x00000006c0000000,0x00000006c0000000,0x00000006cab00000)
 Metaspace       used 17871K, capacity 18668K, committed 18816K, reserved 1064960K
  class space    used 2626K, capacity 2831K, committed 2944K, reserved 1048576K
Event: 2.443 GC heap after
Heap after GC invocations=1 (full 0):
 PSYoungGen      total 76288K, used 8840K [0x000000076ab00000, 0x0000000770000000, 0x00000007c0000000)
  eden space 65536K, 0% used [0x000000076ab00000,0x000000076ab00000,0x000000076eb00000)
  from space 10752K, 82% used [0x000000076eb00000,0x000000076f3a2360,0x000000076f580000)
  to   space 10752K, 0% used [0x000000076f580000,0x000000076f580000,0x0000000770000000)
 ParOldGen       total 175104K, used 88K [0x00000006c0000000, 0x00000006cab00000, 0x000000076ab00000)
  object space 175104K, 0% used [0x00000006c0000000,0x00000006c0016010,0x00000006cab00000)
 Metaspace       used 17871K, capacity 18668K, committed 18816K, reserved 1064960K
  class space    used 2626K, capacity 2831K, committed 2944K, reserved 1048576K
}
Event: 2.507 GC heap before
{Heap before GC invocations=2 (full 0):
 PSYoungGen      total 76288K, used 15620K [0x000000076ab00000, 0x0000000770000000, 0x00000007c0000000)
  eden space 65536K, 10% used [0x000000076ab00000,0x000000076b19ef50,0x000000076eb00000)
  from space 10752K, 82% used [0x000000076eb00000,0x000000076f3a2360,0x000000076f580000)
  to   space 10752K, 0% used [0x000000076f580000,0x000000076f580000,0x0000000770000000)
 ParOldGen       total 175104K, used 88K [0x00000006c0000000, 0x00000006cab00000, 0x000000076ab00000)
  object space 175104K, 0% used [0x00000006c0000000,0x00000006c0016010,0x00000006cab00000)
 Metaspace       used 20378K, capacity 21132K, committed 21296K, reserved 1067008K
  class space    used 2893K, capacity 3119K, committed 3200K, reserved 1048576K
Event: 2.512 GC heap after
Heap after GC invocations=2 (full 0):
 PSYoungGen      total 76288K, used 8783K [0x000000076ab00000, 0x0000000774000000, 0x00000007c0000000)
  eden space 65536K, 0% used [0x000000076ab00000,0x000000076ab00000,0x000000076eb00000)
  from space 10752K, 81% used [0x000000076f580000,0x000000076fe13d40,0x0000000770000000)
  to   space 10752K, 0% used [0x000000076eb00000,0x000000076eb00000,0x000000076f580000)
 ParOldGen       total 175104K, used 96K [0x00000006c0000000, 0x00000006cab00000, 0x000000076ab00000)
  object space 175104K, 0% used [0x00000006c0000000,0x00000006c0018010,0x00000006cab00000)
 Metaspace       used 20378K, capacity 21132K, committed 21296K, reserved 1067008K
  class space    used 2893K, capacity 3119K, committed 3200K, reserved 1048576K
}
Event: 2.512 GC heap before
{Heap before GC invocations=3 (full 1):
 PSYoungGen      total 76288K, used 8783K [0x000000076ab00000, 0x0000000774000000, 0x00000007c0000000)
  eden space 65536K, 0% used [0x000000076ab00000,0x000000076ab00000,0x000000076eb00000)
  from space 10752K, 81% used [0x000000076f580000,0x000000076fe13d40,0x0000000770000000)
  to   space 10752K, 0% used [0x000000076eb00000,0x000000076eb00000,0x000000076f580000)
 ParOldGen       total 175104K, used 96K [0x00000006c0000000, 0x00000006cab00000, 0x000000076ab00000)
  object space 175104K, 0% used [0x00000006c0000000,0x00000006c0018010,0x00000006cab00000)
 Metaspace       used 20378K, capacity 21132K, committed 21296K, reserved 1067008K
  class space    used 2893K, capacity 3119K, committed 3200K, reserved 1048576K
Event: 2.535 GC heap after
Heap after GC invocations=3 (full 1):
 PSYoungGen      total 76288K, used 0K [0x000000076ab00000, 0x0000000774000000, 0x00000007c0000000)
  eden space 65536K, 0% used [0x000000076ab00000,0x000000076ab00000,0x000000076eb00000)
  from space 10752K, 0% used [0x000000076f580000,0x000000076f580000,0x0000000770000000)
  to   space 10752K, 0% used [0x000000076eb00000,0x000000076eb00000,0x000000076f580000)
 ParOldGen       total 88576K, used 8110K [0x00000006c0000000, 0x00000006c5680000, 0x000000076ab00000)
  object space 88576K, 9% used [0x00000006c0000000,0x00000006c07eb850,0x00000006c5680000)
 Metaspace       used 20378K, capacity 21132K, committed 21296K, reserved 1067008K
  class space    used 2893K, capacity 3119K, committed 3200K, reserved 1048576K
}
Event: 3.254 GC heap before
{Heap before GC invocations=4 (full 1):
 PSYoungGen      total 76288K, used 65536K [0x000000076ab00000, 0x0000000774000000, 0x00000007c0000000)
  eden space 65536K, 100% used [0x000000076ab00000,0x000000076eb00000,0x000000076eb00000)
  from space 10752K, 0% used [0x000000076f580000,0x000000076f580000,0x0000000770000000)
  to   space 10752K, 0% used [0x000000076eb00000,0x000000076eb00000,0x000000076f580000)
 ParOldGen       total 88576K, used 8110K [0x00000006c0000000, 0x00000006c5680000, 0x000000076ab00000)
  object space 88576K, 9% used [0x00000006c0000000,0x00000006c07eb850,0x00000006c5680000)
 Metaspace       used 30641K, capacity 31390K, committed 31488K, reserved 1077248K
  class space    used 4309K, capacity 4530K, committed 4608K, reserved 1048576K
Event: 3.260 GC heap after
Heap after GC invocations=4 (full 1):
 PSYoungGen      total 76288K, used 10238K [0x000000076ab00000, 0x0000000772f00000, 0x00000007c0000000)
  eden space 65536K, 0% used [0x000000076ab00000,0x000000076ab00000,0x000000076eb00000)
  from space 10752K, 95% used [0x000000076eb00000,0x000000076f4ffa50,0x000000076f580000)
  to   space 10752K, 0% used [0x0000000772480000,0x0000000772480000,0x0000000772f00000)
 ParOldGen       total 88576K, used 8118K [0x00000006c0000000, 0x00000006c5680000, 0x000000076ab00000)
  object space 88576K, 9% used [0x00000006c0000000,0x00000006c07ed850,0x00000006c5680000)
 Metaspace       used 30641K, capacity 31390K, committed 31488K, reserved 1077248K
  class space    used 4309K, capacity 4530K, committed 4608K, reserved 1048576K
}

